# JRE version: Java(TM) SE Runtime Environment (17.0.8+9) (build 17.0.8+9-LTS-211)
# Java VM: Java HotSpot(TM) 64-Bit Server VM (17.0.8+9-LTS-211, mixed mode, sharing, tiered, compressed oops, compressed class ptrs, g1 gc, windows-amd64)
GC Precious Log:
 CPUs: 4 total, 4 available
 Memory: 6075M
 Large Page Support: Disabled
 NUMA Support: Disabled
 Compressed Oops: Enabled (32-bit)
 Heap Region Size: 1M
 Heap Min Capacity: 8M
 Heap Initial Capacity: 96M
 Heap Max Capacity: 1520M
 Pre-touch: Disabled
 Parallel Workers: 4
 Concurrent Workers: 1
 Concurrent Refinement Workers: 4
 Periodic GC: Disabled
Heap:
 garbage-first heap   total 445440K, used 206925K [0x00000000a1000000, 0x0000000100000000)
  region size 1024K, 9 young (9216K), 9 survivors (9216K)
 Metaspace       used 135543K, committed 137344K, reserved 1179648K
  class space    used 15994K, committed 16896K, reserved 1048576K
GC Heap History (20 events):
Event: 23762.534 GC heap after
{Heap after GC invocations=373 (full 30):
 garbage-first heap   total 445440K, used 185902K [0x00000000a1000000, 0x0000000100000000)
  region size 1024K, 10 young (10240K), 10 survivors (10240K)
 Metaspace       used 129898K, committed 131648K, reserved 1179648K
  class space    used 15466K, committed 16320K, reserved 1048576K
}
Event: 23764.577 GC heap before
{Heap before GC invocations=374 (full 30):
 garbage-first heap   total 445440K, used 227886K [0x00000000a1000000, 0x0000000100000000)
  region size 1024K, 52 young (53248K), 10 survivors (10240K)
 Metaspace       used 130083K, committed 131776K, reserved 1179648K
  class space    used 15480K, committed 16320K, reserved 1048576K
}
Event: 23764.769 GC heap after
{Heap after GC invocations=375 (full 31):
 garbage-first heap   total 445440K, used 179461K [0x00000000a1000000, 0x0000000100000000)
  region size 1024K, 0 young (0K), 0 survivors (0K)
 Metaspace       used 130083K, committed 131776K, reserved 1179648K
  class space    used 15480K, committed 16320K, reserved 1048576K
}
Event: 23766.591 GC heap before
{Heap before GC invocations=375 (full 31):
 garbage-first heap   total 445440K, used 367877K [0x00000000a1000000, 0x0000000100000000)
  region size 1024K, 184 young (188416K), 0 survivors (0K)
 Metaspace       used 131043K, committed 132800K, reserved 1179648K
  class space    used 15569K, committed 16448K, reserved 1048576K
}
Event: 23766.601 GC heap after
{Heap after GC invocations=376 (full 31):
 garbage-first heap   total 445440K, used 189125K [0x00000000a1000000, 0x0000000100000000)
  region size 1024K, 10 young (10240K), 10 survivors (10240K)
 Metaspace       used 131043K, committed 132800K, reserved 1179648K
  class space    used 15569K, committed 16448K, reserved 1048576K
}
Event: 23768.512 GC heap before
{Heap before GC invocations=377 (full 31):
 garbage-first heap   total 445440K, used 227013K [0x00000000a1000000, 0x0000000100000000)
  region size 1024K, 48 young (49152K), 10 survivors (10240K)
 Metaspace       used 131256K, committed 132992K, reserved 1179648K
  class space    used 15588K, committed 16448K, reserved 1048576K
}
Event: 23768.777 GC heap after
{Heap after GC invocations=378 (full 32):
 garbage-first heap   total 445440K, used 183027K [0x00000000a1000000, 0x0000000100000000)
  region size 1024K, 0 young (0K), 0 survivors (0K)
 Metaspace       used 131256K, committed 132992K, reserved 1179648K
  class space    used 15588K, committed 16448K, reserved 1048576K
}
Event: 23771.146 GC heap before
{Heap before GC invocations=378 (full 32):
 garbage-first heap   total 445440K, used 368371K [0x00000000a1000000, 0x0000000100000000)
  region size 1024K, 181 young (185344K), 0 survivors (0K)
 Metaspace       used 132156K, committed 133888K, reserved 1179648K
  class space    used 15677K, committed 16512K, reserved 1048576K
}
Event: 23771.160 GC heap after
{Heap after GC invocations=379 (full 32):
 garbage-first heap   total 445440K, used 192690K [0x00000000a1000000, 0x0000000100000000)
  region size 1024K, 10 young (10240K), 10 survivors (10240K)
 Metaspace       used 132156K, committed 133888K, reserved 1179648K
  class space    used 15677K, committed 16512K, reserved 1048576K
}
Event: 23794.261 GC heap before
{Heap before GC invocations=380 (full 32):
 garbage-first heap   total 445440K, used 250034K [0x00000000a1000000, 0x0000000100000000)
  region size 1024K, 67 young (68608K), 10 survivors (10240K)
 Metaspace       used 132358K, committed 134144K, reserved 1179648K
  class space    used 15696K, committed 16576K, reserved 1048576K
}
Event: 23794.446 GC heap after
{Heap after GC invocations=381 (full 33):
 garbage-first heap   total 445440K, used 190392K [0x00000000a1000000, 0x0000000100000000)
  region size 1024K, 0 young (0K), 0 survivors (0K)
 Metaspace       used 132358K, committed 134144K, reserved 1179648K
  class space    used 15696K, committed 16576K, reserved 1048576K
}
Event: 23795.869 GC heap before
{Heap before GC invocations=381 (full 33):
 garbage-first heap   total 445440K, used 371640K [0x00000000a1000000, 0x0000000100000000)
  region size 1024K, 177 young (181248K), 0 survivors (0K)
 Metaspace       used 133282K, committed 135040K, reserved 1179648K
  class space    used 15785K, committed 16640K, reserved 1048576K
}
Event: 23795.879 GC heap after
{Heap after GC invocations=382 (full 33):
 garbage-first heap   total 445440K, used 200054K [0x00000000a1000000, 0x0000000100000000)
  region size 1024K, 10 young (10240K), 10 survivors (10240K)
 Metaspace       used 133282K, committed 135040K, reserved 1179648K
  class space    used 15785K, committed 16640K, reserved 1048576K
}
Event: 23800.839 GC heap before
{Heap before GC invocations=383 (full 33):
 garbage-first heap   total 445440K, used 248182K [0x00000000a1000000, 0x0000000100000000)
  region size 1024K, 58 young (59392K), 10 survivors (10240K)
 Metaspace       used 133487K, committed 135296K, reserved 1179648K
  class space    used 15805K, committed 16704K, reserved 1048576K
}
Event: 23801.025 GC heap after
{Heap after GC invocations=384 (full 34):
 garbage-first heap   total 445440K, used 194089K [0x00000000a1000000, 0x0000000100000000)
  region size 1024K, 0 young (0K), 0 survivors (0K)
 Metaspace       used 133453K, committed 135296K, reserved 1179648K
  class space    used 15797K, committed 16704K, reserved 1048576K
}
Event: 23802.710 GC heap before
{Heap before GC invocations=384 (full 34):
 garbage-first heap   total 445440K, used 372265K [0x00000000a1000000, 0x0000000100000000)
  region size 1024K, 174 young (178176K), 0 survivors (0K)
 Metaspace       used 134407K, committed 136192K, reserved 1179648K
  class space    used 15891K, committed 16768K, reserved 1048576K
}
Event: 23802.720 GC heap after
{Heap after GC invocations=385 (full 34):
 garbage-first heap   total 445440K, used 203305K [0x00000000a1000000, 0x0000000100000000)
  region size 1024K, 9 young (9216K), 9 survivors (9216K)
 Metaspace       used 134407K, committed 136192K, reserved 1179648K
  class space    used 15891K, committed 16768K, reserved 1048576K
}
Event: 23807.883 GC heap before
{Heap before GC invocations=386 (full 34):
 garbage-first heap   total 445440K, used 254505K [0x00000000a1000000, 0x0000000100000000)
  region size 1024K, 60 young (61440K), 9 survivors (9216K)
 Metaspace       used 134607K, committed 136384K, reserved 1179648K
  class space    used 15907K, committed 16768K, reserved 1048576K
}
Event: 23808.108 GC heap after
{Heap after GC invocations=387 (full 35):
 garbage-first heap   total 445440K, used 197709K [0x00000000a1000000, 0x0000000100000000)
  region size 1024K, 0 young (0K), 0 survivors (0K)
 Metaspace       used 134607K, committed 136384K, reserved 1179648K
  class space    used 15907K, committed 16768K, reserved 1048576K
}
Event: 23810.223 GC heap before
{Heap before GC invocations=387 (full 35):
 garbage-first heap   total 445440K, used 372813K [0x00000000a1000000, 0x0000000100000000)
  region size 1024K, 171 young (175104K), 0 survivors (0K)
 Metaspace       used 135543K, committed 137344K, reserved 1179648K
  class space    used 15994K, committed 16896K, reserved 1048576K
}

